{"/home/Andres/projects/proyecto/kajamar_backend/backend/src/controllers/returnClient.controller.js": {"path":"/home/Andres/projects/proyecto/kajamar_backend/backend/src/controllers/returnClient.controller.js","statementMap":{"0":{"start":{"line":1,"column":15},"end":{"line":1,"column":48}},"1":{"start":{"line":2,"column":27},"end":{"line":2,"column":65}},"2":{"start":{"line":4,"column":28},"end":{"line":105,"column":1}},"3":{"start":{"line":5,"column":2},"end":{"line":104,"column":3}},"4":{"start":{"line":6,"column":26},"end":{"line":97,"column":6}},"5":{"start":{"line":99,"column":4},"end":{"line":99,"column":57}},"6":{"start":{"line":101,"column":4},"end":{"line":103,"column":71}},"7":{"start":{"line":107,"column":25},"end":{"line":179,"column":1}},"8":{"start":{"line":108,"column":2},"end":{"line":178,"column":3}},"9":{"start":{"line":109,"column":18},"end":{"line":109,"column":46}},"10":{"start":{"line":110,"column":25},"end":{"line":112,"column":17}},"11":{"start":{"line":113,"column":22},"end":{"line":113,"column":41}},"12":{"start":{"line":114,"column":19},"end":{"line":114,"column":75}},"13":{"start":{"line":115,"column":26},"end":{"line":161,"column":6}},"14":{"start":{"line":162,"column":21},"end":{"line":162,"column":53}},"15":{"start":{"line":163,"column":17},"end":{"line":163,"column":77}},"16":{"start":{"line":164,"column":23},"end":{"line":166,"column":12}},"17":{"start":{"line":167,"column":4},"end":{"line":173,"column":7}},"18":{"start":{"line":175,"column":4},"end":{"line":177,"column":71}},"19":{"start":{"line":181,"column":28},"end":{"line":373,"column":1}},"20":{"start":{"line":182,"column":15},"end":{"line":182,"column":23}},"21":{"start":{"line":183,"column":22},"end":{"line":183,"column":71}},"22":{"start":{"line":184,"column":2},"end":{"line":185,"column":72}},"23":{"start":{"line":185,"column":4},"end":{"line":185,"column":72}},"24":{"start":{"line":186,"column":16},"end":{"line":193,"column":4}},"25":{"start":{"line":194,"column":2},"end":{"line":196,"column":3}},"26":{"start":{"line":195,"column":4},"end":{"line":195,"column":78}},"27":{"start":{"line":198,"column":26},"end":{"line":200,"column":3}},"28":{"start":{"line":199,"column":36},"end":{"line":199,"column":49}},"29":{"start":{"line":201,"column":27},"end":{"line":203,"column":3}},"30":{"start":{"line":202,"column":4},"end":{"line":202,"column":44}},"31":{"start":{"line":205,"column":2},"end":{"line":209,"column":3}},"32":{"start":{"line":206,"column":4},"end":{"line":208,"column":80}},"33":{"start":{"line":210,"column":35},"end":{"line":217,"column":4}},"34":{"start":{"line":218,"column":2},"end":{"line":222,"column":3}},"35":{"start":{"line":219,"column":4},"end":{"line":221,"column":68}},"36":{"start":{"line":223,"column":2},"end":{"line":372,"column":3}},"37":{"start":{"line":224,"column":4},"end":{"line":371,"column":5}},"38":{"start":{"line":225,"column":37},"end":{"line":228,"column":7}},"39":{"start":{"line":226,"column":20},"end":{"line":226,"column":36}},"40":{"start":{"line":229,"column":37},"end":{"line":232,"column":7}},"41":{"start":{"line":230,"column":20},"end":{"line":230,"column":36}},"42":{"start":{"line":233,"column":23},"end":{"line":362,"column":8}},"43":{"start":{"line":234,"column":34},"end":{"line":244,"column":10}},"44":{"start":{"line":245,"column":8},"end":{"line":252,"column":11}},"45":{"start":{"line":253,"column":42},"end":{"line":323,"column":9}},"46":{"start":{"line":255,"column":30},"end":{"line":255,"column":70}},"47":{"start":{"line":258,"column":29},"end":{"line":268,"column":14}},"48":{"start":{"line":269,"column":33},"end":{"line":272,"column":14}},"49":{"start":{"line":273,"column":12},"end":{"line":302,"column":13}},"50":{"start":{"line":274,"column":39},"end":{"line":279,"column":16}},"51":{"start":{"line":281,"column":35},"end":{"line":290,"column":16}},"52":{"start":{"line":292,"column":14},"end":{"line":301,"column":17}},"53":{"start":{"line":303,"column":12},"end":{"line":320,"column":13}},"54":{"start":{"line":304,"column":45},"end":{"line":311,"column":16}},"55":{"start":{"line":312,"column":38},"end":{"line":319,"column":16}},"56":{"start":{"line":321,"column":12},"end":{"line":321,"column":28}},"57":{"start":{"line":325,"column":43},"end":{"line":349,"column":9}},"58":{"start":{"line":327,"column":30},"end":{"line":335,"column":14}},"59":{"start":{"line":337,"column":36},"end":{"line":340,"column":14}},"60":{"start":{"line":342,"column":12},"end":{"line":345,"column":15}},"61":{"start":{"line":347,"column":12},"end":{"line":347,"column":29}},"62":{"start":{"line":352,"column":10},"end":{"line":355,"column":12}},"63":{"start":{"line":357,"column":8},"end":{"line":361,"column":10}},"64":{"start":{"line":364,"column":6},"end":{"line":366,"column":73}},"65":{"start":{"line":368,"column":6},"end":{"line":370,"column":71}},"66":{"start":{"line":375,"column":27},"end":{"line":578,"column":1}},"67":{"start":{"line":376,"column":15},"end":{"line":376,"column":29}},"68":{"start":{"line":377,"column":32},"end":{"line":379,"column":3}},"69":{"start":{"line":381,"column":2},"end":{"line":383,"column":3}},"70":{"start":{"line":382,"column":4},"end":{"line":382,"column":72}},"71":{"start":{"line":385,"column":22},"end":{"line":385,"column":71}},"72":{"start":{"line":386,"column":2},"end":{"line":388,"column":3}},"73":{"start":{"line":387,"column":4},"end":{"line":387,"column":72}},"74":{"start":{"line":390,"column":2},"end":{"line":577,"column":3}},"75":{"start":{"line":391,"column":19},"end":{"line":569,"column":6}},"76":{"start":{"line":392,"column":25},"end":{"line":395,"column":8}},"77":{"start":{"line":397,"column":6},"end":{"line":403,"column":7}},"78":{"start":{"line":398,"column":8},"end":{"line":402,"column":10}},"79":{"start":{"line":405,"column":6},"end":{"line":411,"column":7}},"80":{"start":{"line":406,"column":8},"end":{"line":410,"column":10}},"81":{"start":{"line":413,"column":56},"end":{"line":444,"column":8}},"82":{"start":{"line":446,"column":6},"end":{"line":452,"column":9}},"83":{"start":{"line":454,"column":6},"end":{"line":459,"column":7}},"84":{"start":{"line":455,"column":8},"end":{"line":458,"column":11}},"85":{"start":{"line":461,"column":6},"end":{"line":464,"column":9}},"86":{"start":{"line":466,"column":6},"end":{"line":469,"column":9}},"87":{"start":{"line":471,"column":24},"end":{"line":475,"column":42}},"88":{"start":{"line":472,"column":8},"end":{"line":475,"column":42}},"89":{"start":{"line":477,"column":6},"end":{"line":512,"column":7}},"90":{"start":{"line":478,"column":23},"end":{"line":478,"column":42}},"91":{"start":{"line":480,"column":10},"end":{"line":482,"column":36}},"92":{"start":{"line":484,"column":8},"end":{"line":484,"column":45}},"93":{"start":{"line":484,"column":36},"end":{"line":484,"column":45}},"94":{"start":{"line":486,"column":26},"end":{"line":488,"column":9}},"95":{"start":{"line":489,"column":27},"end":{"line":491,"column":9}},"96":{"start":{"line":492,"column":25},"end":{"line":492,"column":65}},"97":{"start":{"line":494,"column":8},"end":{"line":501,"column":9}},"98":{"start":{"line":500,"column":10},"end":{"line":500,"column":19}},"99":{"start":{"line":503,"column":8},"end":{"line":506,"column":11}},"100":{"start":{"line":508,"column":8},"end":{"line":511,"column":11}},"101":{"start":{"line":514,"column":26},"end":{"line":516,"column":7}},"102":{"start":{"line":515,"column":8},"end":{"line":515,"column":46}},"103":{"start":{"line":518,"column":6},"end":{"line":537,"column":7}},"104":{"start":{"line":519,"column":22},"end":{"line":522,"column":10}},"105":{"start":{"line":524,"column":24},"end":{"line":526,"column":44}},"106":{"start":{"line":525,"column":22},"end":{"line":525,"column":49}},"107":{"start":{"line":526,"column":25},"end":{"line":526,"column":43}},"108":{"start":{"line":528,"column":8},"end":{"line":536,"column":9}},"109":{"start":{"line":529,"column":10},"end":{"line":531,"column":13}},"110":{"start":{"line":533,"column":10},"end":{"line":535,"column":13}},"111":{"start":{"line":539,"column":6},"end":{"line":562,"column":7}},"112":{"start":{"line":540,"column":26},"end":{"line":540,"column":75}},"113":{"start":{"line":541,"column":27},"end":{"line":541,"column":79}},"114":{"start":{"line":542,"column":25},"end":{"line":542,"column":58}},"115":{"start":{"line":544,"column":8},"end":{"line":551,"column":9}},"116":{"start":{"line":550,"column":10},"end":{"line":550,"column":19}},"117":{"start":{"line":553,"column":8},"end":{"line":556,"column":11}},"118":{"start":{"line":558,"column":8},"end":{"line":561,"column":11}},"119":{"start":{"line":564,"column":6},"end":{"line":568,"column":8}},"120":{"start":{"line":571,"column":4},"end":{"line":571,"column":58}},"121":{"start":{"line":573,"column":4},"end":{"line":573,"column":70}},"122":{"start":{"line":574,"column":4},"end":{"line":576,"column":67}},"123":{"start":{"line":580,"column":27},"end":{"line":580,"column":45}},"124":{"start":{"line":582,"column":0},"end":{"line":588,"column":2}}},"fnMap":{"0":{"name":"(anonymous_0)","decl":{"start":{"line":4,"column":28},"end":{"line":4,"column":29}},"loc":{"start":{"line":4,"column":48},"end":{"line":105,"column":1}},"line":4},"1":{"name":"(anonymous_1)","decl":{"start":{"line":107,"column":25},"end":{"line":107,"column":26}},"loc":{"start":{"line":107,"column":45},"end":{"line":179,"column":1}},"line":107},"2":{"name":"(anonymous_2)","decl":{"start":{"line":181,"column":28},"end":{"line":181,"column":29}},"loc":{"start":{"line":181,"column":48},"end":{"line":373,"column":1}},"line":181},"3":{"name":"(anonymous_3)","decl":{"start":{"line":199,"column":28},"end":{"line":199,"column":29}},"loc":{"start":{"line":199,"column":36},"end":{"line":199,"column":49}},"line":199},"4":{"name":"(anonymous_4)","decl":{"start":{"line":201,"column":53},"end":{"line":201,"column":54}},"loc":{"start":{"line":202,"column":4},"end":{"line":202,"column":44}},"line":202},"5":{"name":"(anonymous_5)","decl":{"start":{"line":226,"column":8},"end":{"line":226,"column":9}},"loc":{"start":{"line":226,"column":20},"end":{"line":226,"column":36}},"line":226},"6":{"name":"(anonymous_6)","decl":{"start":{"line":230,"column":8},"end":{"line":230,"column":9}},"loc":{"start":{"line":230,"column":20},"end":{"line":230,"column":36}},"line":230},"7":{"name":"(anonymous_7)","decl":{"start":{"line":233,"column":49},"end":{"line":233,"column":50}},"loc":{"start":{"line":233,"column":63},"end":{"line":362,"column":7}},"line":233},"8":{"name":"(anonymous_8)","decl":{"start":{"line":254,"column":10},"end":{"line":254,"column":11}},"loc":{"start":{"line":254,"column":24},"end":{"line":322,"column":11}},"line":254},"9":{"name":"(anonymous_9)","decl":{"start":{"line":326,"column":10},"end":{"line":326,"column":11}},"loc":{"start":{"line":326,"column":24},"end":{"line":348,"column":11}},"line":326},"10":{"name":"(anonymous_10)","decl":{"start":{"line":375,"column":27},"end":{"line":375,"column":28}},"loc":{"start":{"line":375,"column":47},"end":{"line":578,"column":1}},"line":375},"11":{"name":"(anonymous_11)","decl":{"start":{"line":391,"column":45},"end":{"line":391,"column":46}},"loc":{"start":{"line":391,"column":59},"end":{"line":569,"column":5}},"line":391},"12":{"name":"(anonymous_12)","decl":{"start":{"line":471,"column":24},"end":{"line":471,"column":25}},"loc":{"start":{"line":472,"column":8},"end":{"line":475,"column":42}},"line":472},"13":{"name":"(anonymous_13)","decl":{"start":{"line":514,"column":50},"end":{"line":514,"column":51}},"loc":{"start":{"line":515,"column":8},"end":{"line":515,"column":46}},"line":515},"14":{"name":"(anonymous_14)","decl":{"start":{"line":525,"column":15},"end":{"line":525,"column":16}},"loc":{"start":{"line":525,"column":22},"end":{"line":525,"column":49}},"line":525},"15":{"name":"(anonymous_15)","decl":{"start":{"line":526,"column":18},"end":{"line":526,"column":19}},"loc":{"start":{"line":526,"column":25},"end":{"line":526,"column":43}},"line":526}},"branchMap":{"0":{"loc":{"start":{"line":109,"column":18},"end":{"line":109,"column":46}},"type":"binary-expr","locations":[{"start":{"line":109,"column":18},"end":{"line":109,"column":41}},{"start":{"line":109,"column":45},"end":{"line":109,"column":46}}],"line":109},"1":{"loc":{"start":{"line":110,"column":25},"end":{"line":112,"column":17}},"type":"cond-expr","locations":[{"start":{"line":111,"column":8},"end":{"line":111,"column":32}},{"start":{"line":112,"column":8},"end":{"line":112,"column":17}}],"line":110},"2":{"loc":{"start":{"line":114,"column":19},"end":{"line":114,"column":75}},"type":"cond-expr","locations":[{"start":{"line":114,"column":51},"end":{"line":114,"column":63}},{"start":{"line":114,"column":66},"end":{"line":114,"column":75}}],"line":114},"3":{"loc":{"start":{"line":117,"column":12},"end":{"line":117,"column":26}},"type":"cond-expr","locations":[{"start":{"line":117,"column":21},"end":{"line":117,"column":22}},{"start":{"line":117,"column":25},"end":{"line":117,"column":26}}],"line":117},"4":{"loc":{"start":{"line":118,"column":14},"end":{"line":118,"column":70}},"type":"cond-expr","locations":[{"start":{"line":118,"column":23},"end":{"line":118,"column":58}},{"start":{"line":118,"column":61},"end":{"line":118,"column":70}}],"line":118},"5":{"loc":{"start":{"line":163,"column":17},"end":{"line":163,"column":77}},"type":"cond-expr","locations":[{"start":{"line":163,"column":28},"end":{"line":163,"column":61}},{"start":{"line":163,"column":64},"end":{"line":163,"column":77}}],"line":163},"6":{"loc":{"start":{"line":164,"column":23},"end":{"line":166,"column":12}},"type":"cond-expr","locations":[{"start":{"line":165,"column":8},"end":{"line":165,"column":53}},{"start":{"line":166,"column":8},"end":{"line":166,"column":12}}],"line":164},"7":{"loc":{"start":{"line":184,"column":2},"end":{"line":185,"column":72}},"type":"if","locations":[{"start":{"line":184,"column":2},"end":{"line":185,"column":72}},{"start":{},"end":{}}],"line":184},"8":{"loc":{"start":{"line":194,"column":2},"end":{"line":196,"column":3}},"type":"if","locations":[{"start":{"line":194,"column":2},"end":{"line":196,"column":3}},{"start":{},"end":{}}],"line":194},"9":{"loc":{"start":{"line":205,"column":2},"end":{"line":209,"column":3}},"type":"if","locations":[{"start":{"line":205,"column":2},"end":{"line":209,"column":3}},{"start":{},"end":{}}],"line":205},"10":{"loc":{"start":{"line":218,"column":2},"end":{"line":222,"column":3}},"type":"if","locations":[{"start":{"line":218,"column":2},"end":{"line":222,"column":3}},{"start":{},"end":{}}],"line":218},"11":{"loc":{"start":{"line":223,"column":2},"end":{"line":372,"column":3}},"type":"if","locations":[{"start":{"line":223,"column":2},"end":{"line":372,"column":3}},{"start":{},"end":{}}],"line":223},"12":{"loc":{"start":{"line":223,"column":6},"end":{"line":223,"column":37}},"type":"binary-expr","locations":[{"start":{"line":223,"column":6},"end":{"line":223,"column":17}},{"start":{"line":223,"column":21},"end":{"line":223,"column":37}}],"line":223},"13":{"loc":{"start":{"line":255,"column":37},"end":{"line":255,"column":55}},"type":"binary-expr","locations":[{"start":{"line":255,"column":37},"end":{"line":255,"column":49}},{"start":{"line":255,"column":53},"end":{"line":255,"column":55}}],"line":255},"14":{"loc":{"start":{"line":273,"column":12},"end":{"line":302,"column":13}},"type":"if","locations":[{"start":{"line":273,"column":12},"end":{"line":302,"column":13}},{"start":{},"end":{}}],"line":273},"15":{"loc":{"start":{"line":299,"column":35},"end":{"line":299,"column":78}},"type":"binary-expr","locations":[{"start":{"line":299,"column":35},"end":{"line":299,"column":70}},{"start":{"line":299,"column":74},"end":{"line":299,"column":78}}],"line":299},"16":{"loc":{"start":{"line":303,"column":12},"end":{"line":320,"column":13}},"type":"if","locations":[{"start":{"line":303,"column":12},"end":{"line":320,"column":13}},{"start":{},"end":{}}],"line":303},"17":{"loc":{"start":{"line":303,"column":16},"end":{"line":303,"column":64}},"type":"binary-expr","locations":[{"start":{"line":303,"column":16},"end":{"line":303,"column":37}},{"start":{"line":303,"column":41},"end":{"line":303,"column":64}}],"line":303},"18":{"loc":{"start":{"line":376,"column":15},"end":{"line":376,"column":29}},"type":"binary-expr","locations":[{"start":{"line":376,"column":15},"end":{"line":376,"column":23}},{"start":{"line":376,"column":27},"end":{"line":376,"column":29}}],"line":376},"19":{"loc":{"start":{"line":378,"column":4},"end":{"line":378,"column":47}},"type":"binary-expr","locations":[{"start":{"line":378,"column":4},"end":{"line":378,"column":17}},{"start":{"line":378,"column":21},"end":{"line":378,"column":47}}],"line":378},"20":{"loc":{"start":{"line":381,"column":2},"end":{"line":383,"column":3}},"type":"if","locations":[{"start":{"line":381,"column":2},"end":{"line":383,"column":3}},{"start":{},"end":{}}],"line":381},"21":{"loc":{"start":{"line":386,"column":2},"end":{"line":388,"column":3}},"type":"if","locations":[{"start":{"line":386,"column":2},"end":{"line":388,"column":3}},{"start":{},"end":{}}],"line":386},"22":{"loc":{"start":{"line":397,"column":6},"end":{"line":403,"column":7}},"type":"if","locations":[{"start":{"line":397,"column":6},"end":{"line":403,"column":7}},{"start":{},"end":{}}],"line":397},"23":{"loc":{"start":{"line":405,"column":6},"end":{"line":411,"column":7}},"type":"if","locations":[{"start":{"line":405,"column":6},"end":{"line":411,"column":7}},{"start":{},"end":{}}],"line":405},"24":{"loc":{"start":{"line":454,"column":6},"end":{"line":459,"column":7}},"type":"if","locations":[{"start":{"line":454,"column":6},"end":{"line":459,"column":7}},{"start":{},"end":{}}],"line":454},"25":{"loc":{"start":{"line":472,"column":15},"end":{"line":472,"column":26}},"type":"binary-expr","locations":[{"start":{"line":472,"column":15},"end":{"line":472,"column":20}},{"start":{"line":472,"column":24},"end":{"line":472,"column":26}}],"line":472},"26":{"loc":{"start":{"line":480,"column":10},"end":{"line":482,"column":36}},"type":"binary-expr","locations":[{"start":{"line":480,"column":10},"end":{"line":480,"column":39}},{"start":{"line":481,"column":10},"end":{"line":481,"column":41}},{"start":{"line":482,"column":10},"end":{"line":482,"column":36}}],"line":480},"27":{"loc":{"start":{"line":484,"column":8},"end":{"line":484,"column":45}},"type":"if","locations":[{"start":{"line":484,"column":8},"end":{"line":484,"column":45}},{"start":{},"end":{}}],"line":484},"28":{"loc":{"start":{"line":492,"column":32},"end":{"line":492,"column":64}},"type":"binary-expr","locations":[{"start":{"line":492,"column":32},"end":{"line":492,"column":59}},{"start":{"line":492,"column":63},"end":{"line":492,"column":64}}],"line":492},"29":{"loc":{"start":{"line":494,"column":8},"end":{"line":501,"column":9}},"type":"if","locations":[{"start":{"line":494,"column":8},"end":{"line":501,"column":9}},{"start":{},"end":{}}],"line":494},"30":{"loc":{"start":{"line":495,"column":10},"end":{"line":498,"column":23}},"type":"binary-expr","locations":[{"start":{"line":495,"column":10},"end":{"line":495,"column":37}},{"start":{"line":496,"column":10},"end":{"line":496,"column":38}},{"start":{"line":497,"column":10},"end":{"line":497,"column":36}},{"start":{"line":498,"column":10},"end":{"line":498,"column":23}}],"line":495},"31":{"loc":{"start":{"line":518,"column":6},"end":{"line":537,"column":7}},"type":"if","locations":[{"start":{"line":518,"column":6},"end":{"line":537,"column":7}},{"start":{},"end":{}}],"line":518},"32":{"loc":{"start":{"line":528,"column":8},"end":{"line":536,"column":9}},"type":"if","locations":[{"start":{"line":528,"column":8},"end":{"line":536,"column":9}},{"start":{},"end":{}}],"line":528},"33":{"loc":{"start":{"line":542,"column":32},"end":{"line":542,"column":57}},"type":"binary-expr","locations":[{"start":{"line":542,"column":32},"end":{"line":542,"column":52}},{"start":{"line":542,"column":56},"end":{"line":542,"column":57}}],"line":542},"34":{"loc":{"start":{"line":544,"column":8},"end":{"line":551,"column":9}},"type":"if","locations":[{"start":{"line":544,"column":8},"end":{"line":551,"column":9}},{"start":{},"end":{}}],"line":544},"35":{"loc":{"start":{"line":545,"column":10},"end":{"line":548,"column":23}},"type":"binary-expr","locations":[{"start":{"line":545,"column":10},"end":{"line":545,"column":37}},{"start":{"line":546,"column":10},"end":{"line":546,"column":38}},{"start":{"line":547,"column":10},"end":{"line":547,"column":36}},{"start":{"line":548,"column":10},"end":{"line":548,"column":23}}],"line":545}},"s":{"0":1,"1":1,"2":1,"3":0,"4":0,"5":0,"6":0,"7":1,"8":2,"9":2,"10":2,"11":2,"12":2,"13":2,"14":1,"15":1,"16":1,"17":1,"18":1,"19":1,"20":5,"21":5,"22":5,"23":1,"24":4,"25":4,"26":1,"27":3,"28":3,"29":3,"30":3,"31":3,"32":1,"33":2,"34":2,"35":1,"36":1,"37":1,"38":1,"39":1,"40":1,"41":1,"42":1,"43":0,"44":0,"45":0,"46":0,"47":0,"48":0,"49":0,"50":0,"51":0,"52":0,"53":0,"54":0,"55":0,"56":0,"57":0,"58":0,"59":0,"60":0,"61":0,"62":0,"63":0,"64":0,"65":1,"66":1,"67":6,"68":6,"69":6,"70":1,"71":5,"72":5,"73":1,"74":4,"75":4,"76":3,"77":3,"78":1,"79":2,"80":1,"81":1,"82":1,"83":1,"84":1,"85":1,"86":1,"87":1,"88":0,"89":1,"90":0,"91":0,"92":0,"93":0,"94":0,"95":0,"96":0,"97":0,"98":0,"99":0,"100":0,"101":1,"102":0,"103":1,"104":0,"105":0,"106":0,"107":0,"108":0,"109":0,"110":0,"111":1,"112":0,"113":0,"114":0,"115":0,"116":0,"117":0,"118":0,"119":1,"120":3,"121":1,"122":1,"123":1,"124":1},"f":{"0":0,"1":2,"2":5,"3":3,"4":3,"5":1,"6":1,"7":0,"8":0,"9":0,"10":6,"11":3,"12":0,"13":0,"14":0,"15":0},"b":{"0":[2,1],"1":[0,2],"2":[0,2],"3":[0,2],"4":[0,2],"5":[1,0],"6":[1,0],"7":[1,4],"8":[1,3],"9":[1,2],"10":[1,1],"11":[1,0],"12":[1,1],"13":[0,0],"14":[0,0],"15":[0,0],"16":[0,0],"17":[0,0],"18":[6,0],"19":[6,0],"20":[1,5],"21":[1,4],"22":[1,2],"23":[1,1],"24":[1,0],"25":[0,0],"26":[0,0,0],"27":[0,0],"28":[0,0],"29":[0,0],"30":[0,0,0,0],"31":[0,1],"32":[0,0],"33":[0,0],"34":[0,0],"35":[0,0,0,0]},"_coverageSchema":"1a1c01bbd47fc00a2c39e90264f33305004495a9","hash":"41fa7dfbbd8246f0220f52a1db1293722c215f57"}
}
