{"/KAJAMART/kajamart/kajamar_backend/backend/src/controllers/categories.controller.js": {"path":"/KAJAMART/kajamart/kajamar_backend/backend/src/controllers/categories.controller.js","statementMap":{"0":{"start":{"line":2,"column":15},"end":{"line":2,"column":48}},"1":{"start":{"line":5,"column":22},"end":{"line":63,"column":1}},"2":{"start":{"line":6,"column":2},"end":{"line":62,"column":3}},"3":{"start":{"line":8,"column":17},"end":{"line":8,"column":46}},"4":{"start":{"line":9,"column":18},"end":{"line":9,"column":48}},"5":{"start":{"line":10,"column":19},"end":{"line":10,"column":41}},"6":{"start":{"line":12,"column":17},"end":{"line":12,"column":35}},"7":{"start":{"line":14,"column":18},"end":{"line":31,"column":10}},"8":{"start":{"line":33,"column":32},"end":{"line":43,"column":6}},"9":{"start":{"line":45,"column":23},"end":{"line":45,"column":47}},"10":{"start":{"line":47,"column":4},"end":{"line":52,"column":7}},"11":{"start":{"line":56,"column":4},"end":{"line":56,"column":59}},"12":{"start":{"line":58,"column":4},"end":{"line":60,"column":7}},"13":{"start":{"line":65,"column":24},"end":{"line":79,"column":1}},"14":{"start":{"line":66,"column":17},"end":{"line":66,"column":27}},"15":{"start":{"line":67,"column":2},"end":{"line":78,"column":3}},"16":{"start":{"line":68,"column":21},"end":{"line":70,"column":6}},"17":{"start":{"line":71,"column":4},"end":{"line":72,"column":74}},"18":{"start":{"line":72,"column":6},"end":{"line":72,"column":74}},"19":{"start":{"line":74,"column":4},"end":{"line":74,"column":23}},"20":{"start":{"line":76,"column":4},"end":{"line":76,"column":61}},"21":{"start":{"line":77,"column":4},"end":{"line":77,"column":71}},"22":{"start":{"line":82,"column":23},"end":{"line":116,"column":1}},"23":{"start":{"line":83,"column":2},"end":{"line":115,"column":3}},"24":{"start":{"line":84,"column":64},"end":{"line":84,"column":72}},"25":{"start":{"line":86,"column":4},"end":{"line":90,"column":5}},"26":{"start":{"line":87,"column":6},"end":{"line":89,"column":72}},"27":{"start":{"line":92,"column":21},"end":{"line":98,"column":6}},"28":{"start":{"line":100,"column":4},"end":{"line":103,"column":7}},"29":{"start":{"line":105,"column":4},"end":{"line":105,"column":56}},"30":{"start":{"line":108,"column":4},"end":{"line":112,"column":5}},"31":{"start":{"line":109,"column":6},"end":{"line":111,"column":9}},"32":{"start":{"line":114,"column":4},"end":{"line":114,"column":69}},"33":{"start":{"line":119,"column":23},"end":{"line":156,"column":1}},"34":{"start":{"line":120,"column":17},"end":{"line":120,"column":27}},"35":{"start":{"line":121,"column":62},"end":{"line":121,"column":70}},"36":{"start":{"line":123,"column":2},"end":{"line":155,"column":3}},"37":{"start":{"line":124,"column":21},"end":{"line":131,"column":6}},"38":{"start":{"line":133,"column":4},"end":{"line":136,"column":7}},"39":{"start":{"line":138,"column":4},"end":{"line":138,"column":61}},"40":{"start":{"line":141,"column":4},"end":{"line":145,"column":5}},"41":{"start":{"line":142,"column":6},"end":{"line":144,"column":73}},"42":{"start":{"line":148,"column":4},"end":{"line":152,"column":5}},"43":{"start":{"line":149,"column":6},"end":{"line":151,"column":9}},"44":{"start":{"line":154,"column":4},"end":{"line":154,"column":74}},"45":{"start":{"line":159,"column":23},"end":{"line":194,"column":1}},"46":{"start":{"line":160,"column":17},"end":{"line":160,"column":27}},"47":{"start":{"line":161,"column":16},"end":{"line":161,"column":26}},"48":{"start":{"line":163,"column":2},"end":{"line":193,"column":3}},"49":{"start":{"line":165,"column":21},"end":{"line":167,"column":6}},"50":{"start":{"line":169,"column":4},"end":{"line":173,"column":5}},"51":{"start":{"line":170,"column":6},"end":{"line":172,"column":73}},"52":{"start":{"line":175,"column":4},"end":{"line":177,"column":7}},"53":{"start":{"line":179,"column":4},"end":{"line":179,"column":63}},"54":{"start":{"line":181,"column":4},"end":{"line":181,"column":59}},"55":{"start":{"line":184,"column":4},"end":{"line":190,"column":5}},"56":{"start":{"line":185,"column":6},"end":{"line":189,"column":9}},"57":{"start":{"line":192,"column":4},"end":{"line":192,"column":72}},"58":{"start":{"line":196,"column":0},"end":{"line":202,"column":2}}},"fnMap":{"0":{"name":"(anonymous_0)","decl":{"start":{"line":5,"column":22},"end":{"line":5,"column":23}},"loc":{"start":{"line":5,"column":42},"end":{"line":63,"column":1}},"line":5},"1":{"name":"(anonymous_1)","decl":{"start":{"line":65,"column":24},"end":{"line":65,"column":25}},"loc":{"start":{"line":65,"column":44},"end":{"line":79,"column":1}},"line":65},"2":{"name":"(anonymous_2)","decl":{"start":{"line":82,"column":23},"end":{"line":82,"column":24}},"loc":{"start":{"line":82,"column":43},"end":{"line":116,"column":1}},"line":82},"3":{"name":"(anonymous_3)","decl":{"start":{"line":119,"column":23},"end":{"line":119,"column":24}},"loc":{"start":{"line":119,"column":43},"end":{"line":156,"column":1}},"line":119},"4":{"name":"(anonymous_4)","decl":{"start":{"line":159,"column":23},"end":{"line":159,"column":24}},"loc":{"start":{"line":159,"column":43},"end":{"line":194,"column":1}},"line":159}},"branchMap":{"0":{"loc":{"start":{"line":8,"column":17},"end":{"line":8,"column":46}},"type":"binary-expr","locations":[{"start":{"line":8,"column":17},"end":{"line":8,"column":41}},{"start":{"line":8,"column":45},"end":{"line":8,"column":46}}],"line":8},"1":{"loc":{"start":{"line":9,"column":18},"end":{"line":9,"column":48}},"type":"binary-expr","locations":[{"start":{"line":9,"column":18},"end":{"line":9,"column":43}},{"start":{"line":9,"column":47},"end":{"line":9,"column":48}}],"line":9},"2":{"loc":{"start":{"line":10,"column":19},"end":{"line":10,"column":41}},"type":"binary-expr","locations":[{"start":{"line":10,"column":19},"end":{"line":10,"column":35}},{"start":{"line":10,"column":39},"end":{"line":10,"column":41}}],"line":10},"3":{"loc":{"start":{"line":14,"column":18},"end":{"line":31,"column":10}},"type":"cond-expr","locations":[{"start":{"line":15,"column":8},"end":{"line":30,"column":9}},{"start":{"line":31,"column":8},"end":{"line":31,"column":10}}],"line":14},"4":{"loc":{"start":{"line":71,"column":4},"end":{"line":72,"column":74}},"type":"if","locations":[{"start":{"line":71,"column":4},"end":{"line":72,"column":74}},{"start":{},"end":{}}],"line":71},"5":{"loc":{"start":{"line":86,"column":4},"end":{"line":90,"column":5}},"type":"if","locations":[{"start":{"line":86,"column":4},"end":{"line":90,"column":5}},{"start":{},"end":{}}],"line":86},"6":{"loc":{"start":{"line":86,"column":8},"end":{"line":86,"column":53}},"type":"binary-expr","locations":[{"start":{"line":86,"column":8},"end":{"line":86,"column":25}},{"start":{"line":86,"column":29},"end":{"line":86,"column":53}}],"line":86},"7":{"loc":{"start":{"line":95,"column":31},"end":{"line":95,"column":60}},"type":"binary-expr","locations":[{"start":{"line":95,"column":31},"end":{"line":95,"column":52}},{"start":{"line":95,"column":56},"end":{"line":95,"column":60}}],"line":95},"8":{"loc":{"start":{"line":96,"column":16},"end":{"line":96,"column":30}},"type":"binary-expr","locations":[{"start":{"line":96,"column":16},"end":{"line":96,"column":22}},{"start":{"line":96,"column":26},"end":{"line":96,"column":30}}],"line":96},"9":{"loc":{"start":{"line":108,"column":4},"end":{"line":112,"column":5}},"type":"if","locations":[{"start":{"line":108,"column":4},"end":{"line":112,"column":5}},{"start":{},"end":{}}],"line":108},"10":{"loc":{"start":{"line":141,"column":4},"end":{"line":145,"column":5}},"type":"if","locations":[{"start":{"line":141,"column":4},"end":{"line":145,"column":5}},{"start":{},"end":{}}],"line":141},"11":{"loc":{"start":{"line":148,"column":4},"end":{"line":152,"column":5}},"type":"if","locations":[{"start":{"line":148,"column":4},"end":{"line":152,"column":5}},{"start":{},"end":{}}],"line":148},"12":{"loc":{"start":{"line":169,"column":4},"end":{"line":173,"column":5}},"type":"if","locations":[{"start":{"line":169,"column":4},"end":{"line":173,"column":5}},{"start":{},"end":{}}],"line":169},"13":{"loc":{"start":{"line":184,"column":4},"end":{"line":190,"column":5}},"type":"if","locations":[{"start":{"line":184,"column":4},"end":{"line":190,"column":5}},{"start":{},"end":{}}],"line":184}},"s":{"0":1,"1":1,"2":1,"3":1,"4":1,"5":1,"6":1,"7":1,"8":1,"9":1,"10":1,"11":0,"12":0,"13":1,"14":0,"15":0,"16":0,"17":0,"18":0,"19":0,"20":0,"21":0,"22":1,"23":2,"24":2,"25":2,"26":1,"27":1,"28":0,"29":1,"30":1,"31":1,"32":0,"33":1,"34":1,"35":1,"36":1,"37":1,"38":0,"39":1,"40":1,"41":1,"42":0,"43":0,"44":0,"45":1,"46":1,"47":1,"48":1,"49":1,"50":1,"51":0,"52":1,"53":0,"54":1,"55":1,"56":1,"57":0,"58":1},"f":{"0":1,"1":0,"2":2,"3":1,"4":1},"b":{"0":[1,0],"1":[1,0],"2":[1,0],"3":[1,0],"4":[0,0],"5":[1,1],"6":[2,1],"7":[1,0],"8":[1,1],"9":[1,0],"10":[1,0],"11":[0,0],"12":[0,1],"13":[1,0]},"_coverageSchema":"1a1c01bbd47fc00a2c39e90264f33305004495a9","hash":"5ff7768335065eebed6357be6ea6e24d0bd663f5"}
}
