TN:
SF:src/controllers/returnClient.controller.js
FN:4,(anonymous_0)
FN:107,(anonymous_1)
FN:181,(anonymous_2)
FN:199,(anonymous_3)
FN:201,(anonymous_4)
FN:226,(anonymous_5)
FN:230,(anonymous_6)
FN:233,(anonymous_7)
FN:254,(anonymous_8)
FN:326,(anonymous_9)
FN:375,(anonymous_10)
FN:391,(anonymous_11)
FN:471,(anonymous_12)
FN:514,(anonymous_13)
FN:525,(anonymous_14)
FN:526,(anonymous_15)
FNF:16
FNH:8
FNDA:0,(anonymous_0)
FNDA:2,(anonymous_1)
FNDA:5,(anonymous_2)
FNDA:3,(anonymous_3)
FNDA:3,(anonymous_4)
FNDA:1,(anonymous_5)
FNDA:1,(anonymous_6)
FNDA:0,(anonymous_7)
FNDA:0,(anonymous_8)
FNDA:0,(anonymous_9)
FNDA:6,(anonymous_10)
FNDA:3,(anonymous_11)
FNDA:0,(anonymous_12)
FNDA:0,(anonymous_13)
FNDA:0,(anonymous_14)
FNDA:0,(anonymous_15)
DA:1,1
DA:2,1
DA:4,1
DA:5,0
DA:6,0
DA:99,0
DA:101,0
DA:107,1
DA:108,2
DA:109,2
DA:110,2
DA:113,2
DA:114,2
DA:115,2
DA:162,1
DA:163,1
DA:164,1
DA:167,1
DA:175,1
DA:181,1
DA:182,5
DA:183,5
DA:184,5
DA:185,1
DA:186,4
DA:194,4
DA:195,1
DA:198,3
DA:199,3
DA:201,3
DA:202,3
DA:205,3
DA:206,1
DA:210,2
DA:218,2
DA:219,1
DA:223,1
DA:224,1
DA:225,1
DA:226,1
DA:229,1
DA:230,1
DA:233,1
DA:234,0
DA:245,0
DA:253,0
DA:255,0
DA:258,0
DA:269,0
DA:273,0
DA:274,0
DA:281,0
DA:292,0
DA:303,0
DA:304,0
DA:312,0
DA:321,0
DA:325,0
DA:327,0
DA:337,0
DA:342,0
DA:347,0
DA:352,0
DA:357,0
DA:364,0
DA:368,1
DA:375,1
DA:376,6
DA:377,6
DA:381,6
DA:382,1
DA:385,5
DA:386,5
DA:387,1
DA:390,4
DA:391,4
DA:392,3
DA:397,3
DA:398,1
DA:405,2
DA:406,1
DA:413,1
DA:446,1
DA:454,1
DA:455,1
DA:461,1
DA:466,1
DA:471,1
DA:472,0
DA:477,1
DA:478,0
DA:480,0
DA:484,0
DA:486,0
DA:489,0
DA:492,0
DA:494,0
DA:500,0
DA:503,0
DA:508,0
DA:514,1
DA:515,0
DA:518,1
DA:519,0
DA:524,0
DA:525,0
DA:526,0
DA:528,0
DA:529,0
DA:533,0
DA:539,1
DA:540,0
DA:541,0
DA:542,0
DA:544,0
DA:550,0
DA:553,0
DA:558,0
DA:564,1
DA:571,3
DA:573,1
DA:574,1
DA:580,1
DA:582,1
LF:124
LH:72
BRDA:109,0,0,2
BRDA:109,0,1,1
BRDA:110,1,0,0
BRDA:110,1,1,2
BRDA:114,2,0,0
BRDA:114,2,1,2
BRDA:117,3,0,0
BRDA:117,3,1,2
BRDA:118,4,0,0
BRDA:118,4,1,2
BRDA:163,5,0,1
BRDA:163,5,1,0
BRDA:164,6,0,1
BRDA:164,6,1,0
BRDA:184,7,0,1
BRDA:184,7,1,4
BRDA:194,8,0,1
BRDA:194,8,1,3
BRDA:205,9,0,1
BRDA:205,9,1,2
BRDA:218,10,0,1
BRDA:218,10,1,1
BRDA:223,11,0,1
BRDA:223,11,1,0
BRDA:223,12,0,1
BRDA:223,12,1,1
BRDA:255,13,0,0
BRDA:255,13,1,0
BRDA:273,14,0,0
BRDA:273,14,1,0
BRDA:299,15,0,0
BRDA:299,15,1,0
BRDA:303,16,0,0
BRDA:303,16,1,0
BRDA:303,17,0,0
BRDA:303,17,1,0
BRDA:376,18,0,6
BRDA:376,18,1,0
BRDA:378,19,0,6
BRDA:378,19,1,0
BRDA:381,20,0,1
BRDA:381,20,1,5
BRDA:386,21,0,1
BRDA:386,21,1,4
BRDA:397,22,0,1
BRDA:397,22,1,2
BRDA:405,23,0,1
BRDA:405,23,1,1
BRDA:454,24,0,1
BRDA:454,24,1,0
BRDA:472,25,0,0
BRDA:472,25,1,0
BRDA:480,26,0,0
BRDA:480,26,1,0
BRDA:480,26,2,0
BRDA:484,27,0,0
BRDA:484,27,1,0
BRDA:492,28,0,0
BRDA:492,28,1,0
BRDA:494,29,0,0
BRDA:494,29,1,0
BRDA:495,30,0,0
BRDA:495,30,1,0
BRDA:495,30,2,0
BRDA:495,30,3,0
BRDA:518,31,0,0
BRDA:518,31,1,1
BRDA:528,32,0,0
BRDA:528,32,1,0
BRDA:542,33,0,0
BRDA:542,33,1,0
BRDA:544,34,0,0
BRDA:544,34,1,0
BRDA:545,35,0,0
BRDA:545,35,1,0
BRDA:545,35,2,0
BRDA:545,35,3,0
BRF:77
BRH:31
end_of_record
